<?xml version="1.0" encoding="UTF-8" ?>
<testsuite failures="0" time="0.097" errors="0" skipped="0" tests="7" name="com.hxd.test.TemplateServiceTest">
  <properties>
[...]
</properties>
  <testcase time="0.009" classname="com.hxd.test.TemplateServiceTest" name="testQueryPage"/>
  <testcase time="0.001" classname="com.hxd.test.TemplateServiceTest" name="testQueryCount"/>
  <testcase time="0.001" classname="com.hxd.test.TemplateServiceTest" name="testInsertSelective"/>
  <testcase time="0.001" classname="com.hxd.test.TemplateServiceTest" name="testDelete"/>
  <testcase time="0.071" classname="com.hxd.test.TemplateServiceTest" name="testInsert"/>
  <testcase time="0" classname="com.hxd.test.TemplateServiceTest" name="testSelect"/>
  <testcase time="0" classname="com.hxd.test.TemplateServiceTest" name="testUpdate"/>
</testsuite>